2025-09-05 14:51:13,250 - INFO - MainProcess.13732 - MainThread.12532 - __init__.initialise_application.157 - dtPyAppFramework Container Mode Sample (container-sample), Version: 1.0.0. Process ID: 13732
2025-09-05 14:51:13,250 - INFO - MainProcess.13732 - MainThread.12532 - __init__.__main__.336 - Starting application... __main__
2025-09-05 14:51:13,250 - INFO - MainProcess.13732 - MainThread.12532 - __init__.__main__.338 - Starting application... load_config
2025-09-05 14:51:13,251 - INFO - MainProcess.13732 - MainThread.12532 - __init__.log_paths.54 - Logging Root Path: C:\PycharmProjects\dtPyAppFramework\samples\container_mode/logs
2025-09-05 14:51:13,251 - INFO - MainProcess.13732 - MainThread.12532 - __init__.log_paths.55 - Application Data Root Path: C:\PycharmProjects\dtPyAppFramework\samples\container_mode/data
2025-09-05 14:51:13,252 - INFO - MainProcess.13732 - MainThread.12532 - __init__.log_paths.56 - User Data Root Path: C:\PycharmProjects\dtPyAppFramework\samples\container_mode/data
2025-09-05 14:51:13,252 - INFO - MainProcess.13732 - MainThread.12532 - __init__.log_paths.57 - Temp Root Path: C:\PycharmProjects\dtPyAppFramework\samples\container_mode/temp
2025-09-05 14:51:13,252 - INFO - MainProcess.13732 - MainThread.12532 - __init__.__main__.340 - Starting application... main_procedure
2025-09-05 14:51:13,252 - INFO - MainProcess.13732 - MainThread.12532 - container_app.main.56 - === Container Mode Sample Application ===
2025-09-05 14:51:13,252 - INFO - MainProcess.13732 - MainThread.12532 - container_app.main.60 - Container Mode: True
2025-09-05 14:51:13,252 - INFO - MainProcess.13732 - MainThread.12532 - container_app._demonstrate_configuration.115 - === Configuration Management ===
2025-09-05 14:51:13,252 - INFO - MainProcess.13732 - MainThread.12532 - container_app._demonstrate_configuration.120 - Number of configuration layers: 1
2025-09-05 14:51:13,252 - INFO - MainProcess.13732 - MainThread.12532 - container_app._demonstrate_configuration.124 -   Config Reader 1: C:\PycharmProjects\dtPyAppFramework\samples\container_mode\config\config.yaml
2025-09-05 14:51:13,373 - INFO - MainProcess.13732 - MainThread.12532 - container_app._demonstrate_configuration.131 - App Name: Container Mode Sample
2025-09-05 14:51:13,373 - INFO - MainProcess.13732 - MainThread.12532 - container_app._demonstrate_configuration.132 - Debug Mode: True
2025-09-05 14:51:13,373 - INFO - MainProcess.13732 - MainThread.12532 - container_app._demonstrate_configuration.133 - Database Host: ENV/DB_HOST
2025-09-05 14:51:13,480 - INFO - MainProcess.13732 - MainThread.12532 - container_app._demonstrate_configuration.139 - Runtime configuration values set successfully
2025-09-05 14:51:13,481 - INFO - MainProcess.13732 - MainThread.12532 - container_app._demonstrate_secrets.143 - === Secrets Management ===
2025-09-05 14:51:13,600 - INFO - MainProcess.13732 - MainThread.12532 - container_app._demonstrate_secrets.151 - Available secret stores: {'User_Local_Store': {'available': True, 'index': [], 'read_only': False}, 'App_Local_Store': {'available': True, 'index': [], 'read_only': False}}
2025-09-05 14:51:13,710 - INFO - MainProcess.13732 - MainThread.12532 - container_app._demonstrate_secrets.155 - Sample secret stored successfully
2025-09-05 14:51:13,735 - INFO - MainProcess.13732 - MainThread.12532 - container_app._demonstrate_secrets.159 - Retrieved secret: *******************
2025-09-05 14:51:13,777 - INFO - MainProcess.13732 - MainThread.12532 - container_app._demonstrate_secrets.163 - API Key (from secrets): ***************
2025-09-05 14:51:13,778 - INFO - MainProcess.13732 - MainThread.12532 - container_app._demonstrate_resources.175 - === Resource Management ===
2025-09-05 14:51:13,780 - INFO - MainProcess.13732 - MainThread.12532 - __init__.save_resource.117 - Resource saved to: "C:\PycharmProjects\dtPyAppFramework\samples\container_mode/data\resources\sample_resource.json"
2025-09-05 14:51:13,780 - INFO - MainProcess.13732 - MainThread.12532 - container_app._demonstrate_resources.192 - Sample resource 'sample_resource.json' saved successfully
2025-09-05 14:51:13,780 - INFO - MainProcess.13732 - MainThread.12532 - __init__.get_resource_path.85 - Returning resource from: "C:\PycharmProjects\dtPyAppFramework\samples\container_mode/data\resources\sample_resource.json"
2025-09-05 14:51:13,794 - INFO - MainProcess.13732 - MainThread.12532 - __init__.load_resource.140 - Resource loaded from: "C:\PycharmProjects\dtPyAppFramework\samples\container_mode/data\resources\sample_resource.json"
2025-09-05 14:51:13,794 - INFO - MainProcess.13732 - MainThread.12532 - container_app._demonstrate_resources.198 - Resource loaded - version: 1.0
2025-09-05 14:51:13,794 - INFO - MainProcess.13732 - MainThread.12532 - container_app._demonstrate_resources.199 - Resource timestamp: 1757047873.7785065
2025-09-05 14:51:13,883 - INFO - MainProcess.13732 - MainThread.12532 - __init__.__main__.343 - Starting application... waiting for not is_set
2025-09-05 14:51:16,886 - INFO - MainProcess.13732 - MainThread.12532 - container_app.exiting.235 - === Application Cleanup ===
2025-09-05 14:51:16,886 - INFO - MainProcess.13732 - MainThread.12532 - container_app.exiting.236 - Performing cleanup operations...
2025-09-05 14:51:16,886 - INFO - MainProcess.13732 - MainThread.12532 - container_app.exiting.244 - Cleanup completed. Goodbye!
2025-09-05 14:51:16,886 - WARNING - MainProcess.13732 - LocalSecretStoresManager_ServerThread.2940 - local_secret_stores_manager.run.110 - Closed All Connections following SHUTDOWN request.
